<?xml version="1.0" encoding="UTF-8"?>
<!-- Generated by org.testng.reporters.JUnitXMLReporter -->
<testsuite hostname="NYC-MXL43819LK" ignored="0" name="Default test" tests="2" failures="0" timestamp="20 Sep 2017 14:36:29 GMT" time="21.147" errors="0">
  <testcase name="user_AbleTo_Validate_SavingsLink2" time="3.392" classname="TestCases.User_AbleTo_Validate_SavingsLink2"/>
  <testcase name="user_AbleTo_Validate_CheckingLink" time="3.57" classname="TestCases.User_AbleTo_Validate_CheckingLink"/>
</testsuite> <!-- Default test -->
