<?xml version="1.0" encoding="UTF-8"?>
<!-- Generated by org.testng.reporters.JUnitXMLReporter -->
<testsuite hostname="DESKTOP-185HNI4" ignored="0" name="Default test" tests="2" failures="0" timestamp="10 Sep 2017 15:18:06 GMT" time="32.58" errors="0">
  <testcase name="user_AbleTo_Validate_SavingsLink2" time="5.436" classname="TestCases.User_AbleTo_Validate_SavingsLink2"/>
  <testcase name="user_AbleTo_Validate_CheckingLink" time="5.944" classname="TestCases.User_AbleTo_Validate_CheckingLink"/>
</testsuite> <!-- Default test -->
