<?xml version="1.0" encoding="UTF-8"?>
<testng-results skipped="0" failed="0" ignored="0" total="2" passed="2">
  <reporter-output>
  </reporter-output>
  <suite name="Default suite" duration-ms="32580" started-at="2017-09-10T15:17:34Z" finished-at="2017-09-10T15:18:06Z">
    <groups>
    </groups>
    <test name="Default test" duration-ms="32580" started-at="2017-09-10T15:17:34Z" finished-at="2017-09-10T15:18:06Z">
      <class name="TestCases.User_AbleTo_Validate_SavingsLink2">
        <test-method status="PASS" signature="beforeClass()[pri:0, instance:TestCases.User_AbleTo_Validate_SavingsLink2@573f2bb1]" name="beforeClass" is-config="true" duration-ms="3560" started-at="2017-09-10T11:17:34Z" finished-at="2017-09-10T11:17:37Z">
          <reporter-output>
          </reporter-output>
        </test-method> <!-- beforeClass -->
        <test-method status="PASS" signature="beforeMethod()[pri:0, instance:TestCases.User_AbleTo_Validate_SavingsLink2@573f2bb1]" name="beforeMethod" is-config="true" duration-ms="4649" started-at="2017-09-10T11:17:37Z" finished-at="2017-09-10T11:17:42Z">
          <reporter-output>
          </reporter-output>
        </test-method> <!-- beforeMethod -->
        <test-method status="PASS" signature="user_AbleTo_Validate_SavingsLink2()[pri:0, instance:TestCases.User_AbleTo_Validate_SavingsLink2@573f2bb1]" name="user_AbleTo_Validate_SavingsLink2" duration-ms="5436" started-at="2017-09-10T11:17:42Z" finished-at="2017-09-10T11:17:48Z">
          <reporter-output>
          </reporter-output>
        </test-method> <!-- user_AbleTo_Validate_SavingsLink2 -->
        <test-method status="PASS" signature="afterMethod()[pri:0, instance:TestCases.User_AbleTo_Validate_SavingsLink2@573f2bb1]" name="afterMethod" is-config="true" duration-ms="2" started-at="2017-09-10T11:17:48Z" finished-at="2017-09-10T11:17:48Z">
          <reporter-output>
          </reporter-output>
        </test-method> <!-- afterMethod -->
        <test-method status="PASS" signature="afterClass()[pri:0, instance:TestCases.User_AbleTo_Validate_SavingsLink2@573f2bb1]" name="afterClass" is-config="true" duration-ms="3056" started-at="2017-09-10T11:17:48Z" finished-at="2017-09-10T11:17:51Z">
          <reporter-output>
          </reporter-output>
        </test-method> <!-- afterClass -->
      </class> <!-- TestCases.User_AbleTo_Validate_SavingsLink2 -->
      <class name="TestCases.User_AbleTo_Validate_CheckingLink">
        <test-method status="PASS" signature="beforeClass()[pri:0, instance:TestCases.User_AbleTo_Validate_CheckingLink@5ae9a829]" name="beforeClass" is-config="true" duration-ms="2413" started-at="2017-09-10T11:17:51Z" finished-at="2017-09-10T11:17:53Z">
          <reporter-output>
          </reporter-output>
        </test-method> <!-- beforeClass -->
        <test-method status="PASS" signature="beforeMethod()[pri:0, instance:TestCases.User_AbleTo_Validate_CheckingLink@5ae9a829]" name="beforeMethod" is-config="true" duration-ms="4709" started-at="2017-09-10T11:17:53Z" finished-at="2017-09-10T11:17:58Z">
          <reporter-output>
          </reporter-output>
        </test-method> <!-- beforeMethod -->
        <test-method status="PASS" signature="user_AbleTo_Validate_CheckingLink()[pri:0, instance:TestCases.User_AbleTo_Validate_CheckingLink@5ae9a829]" name="user_AbleTo_Validate_CheckingLink" duration-ms="5944" started-at="2017-09-10T11:17:58Z" finished-at="2017-09-10T11:18:04Z">
          <reporter-output>
          </reporter-output>
        </test-method> <!-- user_AbleTo_Validate_CheckingLink -->
        <test-method status="PASS" signature="afterMethod()[pri:0, instance:TestCases.User_AbleTo_Validate_CheckingLink@5ae9a829]" name="afterMethod" is-config="true" duration-ms="1" started-at="2017-09-10T11:18:04Z" finished-at="2017-09-10T11:18:04Z">
          <reporter-output>
          </reporter-output>
        </test-method> <!-- afterMethod -->
        <test-method status="PASS" signature="afterClass()[pri:0, instance:TestCases.User_AbleTo_Validate_CheckingLink@5ae9a829]" name="afterClass" is-config="true" duration-ms="2767" started-at="2017-09-10T11:18:04Z" finished-at="2017-09-10T11:18:06Z">
          <reporter-output>
          </reporter-output>
        </test-method> <!-- afterClass -->
      </class> <!-- TestCases.User_AbleTo_Validate_CheckingLink -->
    </test> <!-- Default test -->
  </suite> <!-- Default suite -->
</testng-results>
