<?xml version="1.0" encoding="UTF-8"?>
<testng-results skipped="0" failed="0" ignored="0" total="2" passed="2">
  <reporter-output>
  </reporter-output>
  <suite name="Default suite" duration-ms="21147" started-at="2017-09-20T14:36:07Z" finished-at="2017-09-20T14:36:29Z">
    <groups>
    </groups>
    <test name="Default test" duration-ms="21147" started-at="2017-09-20T14:36:07Z" finished-at="2017-09-20T14:36:29Z">
      <class name="TestCases.User_AbleTo_Validate_SavingsLink2">
        <test-method status="PASS" signature="beforeClass()[pri:0, instance:TestCases.User_AbleTo_Validate_SavingsLink2@77cd7a0]" name="beforeClass" is-config="true" duration-ms="2427" started-at="2017-09-20T10:36:07Z" finished-at="2017-09-20T10:36:10Z">
          <reporter-output>
          </reporter-output>
        </test-method> <!-- beforeClass -->
        <test-method status="PASS" signature="beforeMethod()[pri:0, instance:TestCases.User_AbleTo_Validate_SavingsLink2@77cd7a0]" name="beforeMethod" is-config="true" duration-ms="2971" started-at="2017-09-20T10:36:10Z" finished-at="2017-09-20T10:36:13Z">
          <reporter-output>
          </reporter-output>
        </test-method> <!-- beforeMethod -->
        <test-method status="PASS" signature="user_AbleTo_Validate_SavingsLink2()[pri:0, instance:TestCases.User_AbleTo_Validate_SavingsLink2@77cd7a0]" name="user_AbleTo_Validate_SavingsLink2" duration-ms="3392" started-at="2017-09-20T10:36:13Z" finished-at="2017-09-20T10:36:16Z">
          <reporter-output>
          </reporter-output>
        </test-method> <!-- user_AbleTo_Validate_SavingsLink2 -->
        <test-method status="PASS" signature="afterClass()[pri:0, instance:TestCases.User_AbleTo_Validate_SavingsLink2@77cd7a0]" name="afterClass" is-config="true" duration-ms="661" started-at="2017-09-20T10:36:16Z" finished-at="2017-09-20T10:36:17Z">
          <reporter-output>
          </reporter-output>
        </test-method> <!-- afterClass -->
        <test-method status="PASS" signature="afterMethod()[pri:0, instance:TestCases.User_AbleTo_Validate_SavingsLink2@77cd7a0]" name="afterMethod" is-config="true" duration-ms="0" started-at="2017-09-20T10:36:16Z" finished-at="2017-09-20T10:36:16Z">
          <reporter-output>
          </reporter-output>
        </test-method> <!-- afterMethod -->
      </class> <!-- TestCases.User_AbleTo_Validate_SavingsLink2 -->
      <class name="TestCases.User_AbleTo_Validate_CheckingLink">
        <test-method status="PASS" signature="beforeClass()[pri:0, instance:TestCases.User_AbleTo_Validate_CheckingLink@204f30ec]" name="beforeClass" is-config="true" duration-ms="1875" started-at="2017-09-20T10:36:17Z" finished-at="2017-09-20T10:36:19Z">
          <reporter-output>
          </reporter-output>
        </test-method> <!-- beforeClass -->
        <test-method status="PASS" signature="beforeMethod()[pri:0, instance:TestCases.User_AbleTo_Validate_CheckingLink@204f30ec]" name="beforeMethod" is-config="true" duration-ms="3372" started-at="2017-09-20T10:36:19Z" finished-at="2017-09-20T10:36:22Z">
          <reporter-output>
          </reporter-output>
        </test-method> <!-- beforeMethod -->
        <test-method status="PASS" signature="user_AbleTo_Validate_CheckingLink()[pri:0, instance:TestCases.User_AbleTo_Validate_CheckingLink@204f30ec]" name="user_AbleTo_Validate_CheckingLink" duration-ms="3570" started-at="2017-09-20T10:36:22Z" finished-at="2017-09-20T10:36:26Z">
          <reporter-output>
          </reporter-output>
        </test-method> <!-- user_AbleTo_Validate_CheckingLink -->
        <test-method status="PASS" signature="afterMethod()[pri:0, instance:TestCases.User_AbleTo_Validate_CheckingLink@204f30ec]" name="afterMethod" is-config="true" duration-ms="0" started-at="2017-09-20T10:36:26Z" finished-at="2017-09-20T10:36:26Z">
          <reporter-output>
          </reporter-output>
        </test-method> <!-- afterMethod -->
        <test-method status="PASS" signature="afterClass()[pri:0, instance:TestCases.User_AbleTo_Validate_CheckingLink@204f30ec]" name="afterClass" is-config="true" duration-ms="2866" started-at="2017-09-20T10:36:26Z" finished-at="2017-09-20T10:36:29Z">
          <reporter-output>
          </reporter-output>
        </test-method> <!-- afterClass -->
      </class> <!-- TestCases.User_AbleTo_Validate_CheckingLink -->
    </test> <!-- Default test -->
  </suite> <!-- Default suite -->
</testng-results>
